mode: set
github.com/k8sland/painter/pkg/apis/workload/v1alpha1/zz_generated.deepcopy.go:13.47,20.2 6 1
github.com/k8sland/painter/pkg/apis/workload/v1alpha1/zz_generated.deepcopy.go:23.40,24.15 1 1
github.com/k8sland/painter/pkg/apis/workload/v1alpha1/zz_generated.deepcopy.go:27.2,29.12 3 1
github.com/k8sland/painter/pkg/apis/workload/v1alpha1/zz_generated.deepcopy.go:24.15,26.3 1 0
github.com/k8sland/painter/pkg/apis/workload/v1alpha1/zz_generated.deepcopy.go:33.52,34.34 1 0
github.com/k8sland/painter/pkg/apis/workload/v1alpha1/zz_generated.deepcopy.go:37.2,37.12 1 0
github.com/k8sland/painter/pkg/apis/workload/v1alpha1/zz_generated.deepcopy.go:34.34,36.3 1 0
github.com/k8sland/painter/pkg/apis/workload/v1alpha1/zz_generated.deepcopy.go:41.55,45.21 4 0
github.com/k8sland/painter/pkg/apis/workload/v1alpha1/zz_generated.deepcopy.go:52.2,52.8 1 0
github.com/k8sland/painter/pkg/apis/workload/v1alpha1/zz_generated.deepcopy.go:45.21,48.22 3 0
github.com/k8sland/painter/pkg/apis/workload/v1alpha1/zz_generated.deepcopy.go:48.22,50.4 1 0
github.com/k8sland/painter/pkg/apis/workload/v1alpha1/zz_generated.deepcopy.go:56.48,57.15 1 0
github.com/k8sland/painter/pkg/apis/workload/v1alpha1/zz_generated.deepcopy.go:60.2,62.12 3 0
github.com/k8sland/painter/pkg/apis/workload/v1alpha1/zz_generated.deepcopy.go:57.15,59.3 1 0
github.com/k8sland/painter/pkg/apis/workload/v1alpha1/zz_generated.deepcopy.go:66.56,67.34 1 0
github.com/k8sland/painter/pkg/apis/workload/v1alpha1/zz_generated.deepcopy.go:70.2,70.12 1 0
github.com/k8sland/painter/pkg/apis/workload/v1alpha1/zz_generated.deepcopy.go:67.34,69.3 1 0
github.com/k8sland/painter/pkg/apis/workload/v1alpha1/zz_generated.deepcopy.go:74.55,77.2 2 0
github.com/k8sland/painter/pkg/apis/workload/v1alpha1/zz_generated.deepcopy.go:80.48,81.15 1 0
github.com/k8sland/painter/pkg/apis/workload/v1alpha1/zz_generated.deepcopy.go:84.2,86.12 3 0
github.com/k8sland/painter/pkg/apis/workload/v1alpha1/zz_generated.deepcopy.go:81.15,83.3 1 0
github.com/k8sland/painter/pkg/apis/workload/v1alpha1/zz_generated.deepcopy.go:90.59,93.2 2 0
github.com/k8sland/painter/pkg/apis/workload/v1alpha1/zz_generated.deepcopy.go:96.52,97.15 1 0
github.com/k8sland/painter/pkg/apis/workload/v1alpha1/zz_generated.deepcopy.go:100.2,102.12 3 0
github.com/k8sland/painter/pkg/apis/workload/v1alpha1/zz_generated.deepcopy.go:97.15,99.3 1 0
github.com/k8sland/painter/pkg/apis/workload/v1alpha1/painter_types.go:49.13,51.2 1 1
github.com/k8sland/painter/pkg/controller/painter/painter_controller.go:25.37,27.2 1 0
github.com/k8sland/painter/pkg/controller/painter/painter_controller.go:30.61,32.16 2 1
github.com/k8sland/painter/pkg/controller/painter/painter_controller.go:37.2,37.116 1 1
github.com/k8sland/painter/pkg/controller/painter/painter_controller.go:42.2,42.102 1 1
github.com/k8sland/painter/pkg/controller/painter/painter_controller.go:45.2,45.12 1 1
github.com/k8sland/painter/pkg/controller/painter/painter_controller.go:32.16,34.3 1 0
github.com/k8sland/painter/pkg/controller/painter/painter_controller.go:37.116,39.3 1 0
github.com/k8sland/painter/pkg/controller/painter/painter_controller.go:42.102,44.3 1 0
github.com/k8sland/painter/pkg/controller/painter/painter_controller.go:57.62,63.2 1 1
github.com/k8sland/painter/pkg/controller/painter/painter_controller.go:65.35,66.12 1 1
github.com/k8sland/painter/pkg/controller/painter/painter_controller.go:70.2,70.14 1 1
github.com/k8sland/painter/pkg/controller/painter/painter_controller.go:67.36,68.14 1 0
github.com/k8sland/painter/pkg/controller/painter/painter_controller.go:78.91,85.22 2 1
github.com/k8sland/painter/pkg/controller/painter/painter_controller.go:89.2,92.16 3 1
github.com/k8sland/painter/pkg/controller/painter/painter_controller.go:97.2,98.14 2 1
github.com/k8sland/painter/pkg/controller/painter/painter_controller.go:106.2,106.42 1 1
github.com/k8sland/painter/pkg/controller/painter/painter_controller.go:85.22,87.3 1 0
github.com/k8sland/painter/pkg/controller/painter/painter_controller.go:92.16,95.3 2 1
github.com/k8sland/painter/pkg/controller/painter/painter_controller.go:98.14,99.27 1 0
github.com/k8sland/painter/pkg/controller/painter/painter_controller.go:104.3,104.16 1 0
github.com/k8sland/painter/pkg/controller/painter/painter_controller.go:99.27,103.4 3 0
github.com/k8sland/painter/pkg/controller/painter/painter_controller.go:110.79,113.2 2 1
github.com/k8sland/painter/pkg/controller/painter/painter_controller.go:116.93,119.2 2 1
github.com/k8sland/painter/pkg/controller/painter/painter_controller.go:122.62,124.88 2 1
github.com/k8sland/painter/pkg/controller/painter/painter_controller.go:131.2,131.29 1 1
github.com/k8sland/painter/pkg/controller/painter/painter_controller.go:136.2,136.12 1 1
github.com/k8sland/painter/pkg/controller/painter/painter_controller.go:124.88,125.29 1 0
github.com/k8sland/painter/pkg/controller/painter/painter_controller.go:128.3,128.13 1 0
github.com/k8sland/painter/pkg/controller/painter/painter_controller.go:125.29,127.4 1 0
github.com/k8sland/painter/pkg/controller/painter/painter_controller.go:131.29,132.46 1 0
github.com/k8sland/painter/pkg/controller/painter/painter_controller.go:132.46,134.4 1 0
github.com/k8sland/painter/pkg/controller/painter/painter_controller.go:140.71,142.17 2 1
github.com/k8sland/painter/pkg/controller/painter/painter_controller.go:148.2,148.36 1 1
github.com/k8sland/painter/pkg/controller/painter/painter_controller.go:152.2,152.12 1 0
github.com/k8sland/painter/pkg/controller/painter/painter_controller.go:142.17,144.3 1 1
github.com/k8sland/painter/pkg/controller/painter/painter_controller.go:144.8,146.3 1 0
github.com/k8sland/painter/pkg/controller/painter/painter_controller.go:148.36,151.3 2 1
